===== Fri Jul 10 12:35:15 CEST 2026 =====
📬 Sjekker Gmail...
📋 Handlelista har endringer
diff --git a/projects/sr500-restoration/data/notes/shopping_list.md b/projects/sr500-restoration/data/notes/shopping_list.md
index b5b5c1a..6d2d9d1 100644
--- a/projects/sr500-restoration/data/notes/shopping_list.md
+++ b/projects/sr500-restoration/data/notes/shopping_list.md
@@ -1,12 +1,13 @@
 # Shoppingliste — SR500-prosjektet
 
-Sist oppdatert: 2026-06-27
+Sist oppdatert: 2026-07-09
 
 ---
 
 ## ✅ BESTILT / UNDERVEIS
 
 **motogadget GmbH (#23606)** — €670 totalt (bestilt 22.06)
+✅ **Mottatt**
 | Del | Pris |
 |---|---|
 | mo.unit blue | €335,29 |
@@ -17,37 +18,36 @@ Sist oppdatert: 2026-06-27
 **eBay**
 | Del | Pris | Status |
 |---|---|---|
-| Styre | — | 🟡 Bestilt (ETA 10-31 jul) |
-| Forskjerm | $92,21 | 🟢 Sendt (ETA 3-31 aug) |
+| Styre | kr 643 | 🟡 Bestilt (ETA 10-31 jul) |
+| Forskjerm | $92,21 | ✅ Hentet 02.07 |
 | Verkstedhåndbok | $58,96 | 🟡 Bestilt (ETA 23 jul-12 aug) |
-| Låseskive frambrems (1J3-25834-01-00) | €16,88 | 🟢 Sendt 07.06 |
+| Låseskive frambrems (1J3-25834-01-00) | €16,88 | ✅ Levert 28.06 |
+| Oljefilter (4X7-13440-90-00) + O-ringer ×2 | — | 🟢 Ankommet lokalt, levering pågår (LO427521045GB) |
 
 **Annet**
 | Del | Kilde | Pris | Status |
 |---|---|---|---|
-| Svinghjulsavdrager 27×1mm | **Thansen** (#115498590) | kr 119 | 🆕 Bestilt 26.06 |
+| Svinghjulsavdrager 27×1mm | **Thansen** (#115498590) | kr 119 | ✅ Mottatt |
 | VAPE Ignition SR500/TT500/XT500 | **TOLA-Tools** (#202652798) | €533,79 (~kr 6 200) | 🆕 Bestilt 26.06, PayPal ✅ |
-| Komplett lager+simring-sett forhjul | **Online MC** (#89847) | kr 530 | 🆕 Bestilt 27.06 |
-| Flensbolt + klembolter ×2 | **CMSNL** | €37,35 | 🚚 Sendt 22.06 (UPS) |
-| Oxford eksosbånd | **Højstyling** | kr 330 | 🟡 Bestilt, venter levering |
+| Komplett lager+simring-sett forhjul | **Online MC** (#89847) | kr 530 | ✅ Mottatt |
+| Flensbolt + klembolter ×2 | **CMSNL** | €37,35 | ✅ Mottatt |
+| Domino Push/Pull Throttle | **Cafe Racer Garage** (#330875) | $48,41 (~kr 508) | 🆕 Bestilt 25.06, gratis frakt 5-8 dager |
+| Damper, Locating 3 (2J2-24183-01-00) | **MegaZip** (#1497110) | $26,15 (~kr 275) | 🆕 Bestilt 28.06, EMS-frakt |
+| 5.75" LED frontlykt-innsats (sort) | **AliExpress** (#8212745423963056) | €14,20 (~kr 164) | ✅ Hentet 09.07 |
 
 ---
 
 ## ⏳ ØNSKES KJØPT / VURDERES
 
 **Elektronikk**
-- ground distributor (motogadget)
-- breakout box (motogadget)
-- motoscope pro (motogadget)
-- mounting plate (motogadget)
-- battery cable (motogadget)
 
 **Deler**
-- Cafe Racer / Scrambler-sete (Motea, Craftride flat brun) — kr 1 199,99
-- Bakdempere Zaddox RS2 (Motea) — fra kr 1 747,49
-- Fuel Tank + Seat Set VT1 (Motea) — kr 2 499,99
 - Lithium Battery CCA240 (Cafe Racer Webshop) — €149,96
-- Domino Push/Pull Throttle (Cafe Racer Garage) — $125,96 / ~kr 1 320
+- JMT Lithium-ion (Højstyling) — <https://www.hojstyling.no/mc-deler/service-mc-deler/reservedeler-till-mc/jmt-kraftfullt-litium-ion-batteri-til-motorsykkel/>
+- Shido LTZ5S Lithium (alternativ) — ca. kr 800–1 200
+- Bremseklosser foran EBC FA87 (organisk) — ca. kr 250–500
+- Gasket, Crcs Cover (`3HT-15451-00-00`) — $19,27
+- Gasket, Crankcase Cover 3 (`3HT-15462-00-00`) — $21,46
 
 ---
 
@@ -68,30 +68,31 @@ Sist oppdatert: 2026-06-27
 | 9 | Bensinkran (102YF117, Fuel Petcock) | €24,67 | ~kr 284 | — | ✅ Levert |
 | 10 | Engine Cover Screw Bolt Set | £22,27 | ~kr 290 | — | ✅ Levert |
 | 11 | Biltema avfettingsspray | ~kr 300 | ~kr 300 | Biltema | ✅ Levert |
-| 12 | Flensbolt + klembolter ×2 | €37,35 | ~kr 430 | CMSNL | 🚚 Sendt 22.06 (UPS) |
-| 13 | Låseskive frambrems (1J3-25834-01-00) | €16,88 | ~kr 194 | eBay | 🚚 Sendt 07.06 |
-| 14 | Forskjerm | $92,21 | ~kr 968 | eBay | 🚚 Sendt, ETA 3-31 aug |
-| 15 | motogadget (mo.unit, mo.button, mo.switch ×2) | ~€670 | ~kr 7 700 | motogadget GmbH | 🟡 Bestilt 22.06 |
+| 12 | Flensbolt + klembolter ×2 | €37,35 | ~kr 430 | CMSNL | ✅ Mottatt |
+| 13 | Låseskive frambrems (1J3-25834-01-00) | €16,88 | ~kr 194 | eBay | ✅ Levert 28.06 |
+| 14 | Forskjerm | $92,21 | ~kr 968 | eBay | ✅ Hentet 02.07 |
+| 15 | motogadget (mo.unit, mo.button, mo.switch ×2) | ~€670 | ~kr 7 700 | motogadget GmbH | ✅ Hentet Extra |
 | 16 | VAPE Ignition (TOLA-Tools) | ~€534 | ~kr 6 200 | TOLA-Tools | 🆕 Bestilt 26.06 |
-| 17 | Lager+simring forhjul (Online MC) | kr 530 | kr 530 | Online MC | 🆕 Bestilt 27.06 |
-| 18 | Svinghjulsavdrager (Thansen) | kr 119 | kr 119 | Thansen | 🆕 Bestilt 26.06 |
-| 19 | Oxford eksosbånd | kr 330 | kr 330 | Højstyling | 🟡 Bestilt, venter levering |
-| 20 | Styre | kr 643 | kr 643 | eBay | 🟡 Bestilt, ETA 10-31 jul |
-| 21 | Verkstedhåndbok | $58,96 | ~kr 619 | eBay | 🟡 Bestilt, ETA 23 jul-12 aug |
-| | **Sum betalt hittil** | | **~kr 26 569** | | |
+| 17 | Lager+simring forhjul (Online MC) | kr 530 | kr 530 | Online MC | ✅ Mottatt |
+| 18 | Svinghjulsavdrager (Thansen) | kr 119 | kr 119 | Thansen | ✅ Mottatt |
+| 19 | Oxford eksosbånd | kr 330 | kr 330 | Højstyling | ✅ Levert 28.06 |
+| 20 | Domino Push/Pull Throttle | $48,41 | ~kr 508 | Cafe Racer Garage | 🆕 Bestilt 25.06 |
+| 21 | Styre | kr 643 | kr 643 | eBay | 🟡 Bestilt, ETA 10-31 jul |
+| 22 | Verkstedhåndbok | $58,96 | ~kr 619 | eBay | 🟡 Bestilt, ETA 23 jul-12 aug |
+| 23 | Oljefilter (4X7-13440-90-00) + O-ringer | — | — | eBay | 🟢 Ankommet lokalt, levering pågår (LO427521045GB) |
+| 24 | Damper, Locating 3 (2J2-24183-01-00) | $26,15 | ~kr 275 | MegaZip | 🆕 Bestilt 28.06 |
+| 25 | 5.75" LED frontlykt-innsats (sort) | €14,20 | ~kr 164 | AliExpress | ✅ Hentet 09.07 |
+| 26 | Flensbolt M8×12mm (95811-08012-00) ×5 | <kr 100 | ~kr 100 | AliExpress | 🆕 Bestilt 05.07 |
+| | **Sum betalt hittil** | | **~kr 27 923** | | |
 
 ### 🎯 Gjenstående ønsker (estimert)
 
 | Del | Estimert pris |
 |---|---|
-| Cafe Racer / Scrambler-sete (Motea) | ~kr 1 200 |
-| Bakdempere Zaddox RS2 (Motea) | fra ~kr 1 750 |
-| Fuel Tank + Seat Set VT1 (Motea) | ~kr 2 500 |
 | Lithium Battery CCA240 (Cafe Racer Webshop) | ~€150 (~kr 1 750) |
-| Domino Push/Pull Throttle (Cafe Racer Garage) | ~$126 (~kr 1 320) |
-| Motogadget rest (distributor, breakout, motoscope, plate, cable) | ~? |
-| **Estimert sum gjenstående** | **~kr 8 520+** |
+| Bremseklosser foran EBC FA87 | ~kr 400 |
+| **Estimert sum gjenstående** | **~kr 2 150+** |
 
 ---
 
-**🔢 Totalt investert hittil: ~kr 26 569**
+**🔢 Totalt investert hittil: ~kr 27 923**
⬆️  Pusher endringer til GitHub...
error: src refspec main does not match any
error: failed to push some refs to 'https://github.com/nasselang/sr500-restoration.git'
✅ Push OK
===== Ferdig Fri Jul 10 12:35:23 CEST 2026 =====

===== Sat Jul 11 10:00:01 CEST 2026 =====
📬 Sjekker Gmail...
📋 Synket shopping_list.md → SHOPPINGLIST.md
⬆️  Pusher master (prosjektdata)...
===== Sun Jul 12 10:00:01 CEST 2026 =====
📬 Sjekker Gmail...
📋 Synket shopping_list.md → SHOPPINGLIST.md
⬆️  Pusher master (prosjektdata)...
To github.com:nasselang/sr500-restoration.git
   728331e..4073a57  master -> master
⬆️  Pusher master (SHOPPINGLIST.md)...
error: src refspec master does not match any
error: failed to push some refs to 'github.com:nasselang/sr500-restoration.git'
===== Ferdig Sun Jul 12 10:00:03 CEST 2026 =====

===== Mon Jul 13 10:00:01 CEST 2026 =====
📬 Sjekker Gmail...
📋 Synket shopping_list.md → SHOPPINGLIST.md
⬆️  Pusher master (prosjektdata)...
To github.com:nasselang/sr500-restoration.git
   171c348..b5dddb5  master -> master
⬆️  Pusher master (SHOPPINGLIST.md)...
error: src refspec master does not match any
error: failed to push some refs to 'github.com:nasselang/sr500-restoration.git'
===== Ferdig Mon Jul 13 10:00:04 CEST 2026 =====

===== Mon Jul 13 12:08:46 CEST 2026 =====
📬 Sjekker Gmail...
📋 Synket shopping_list.md → SHOPPINGLIST.md
⬆️  Pusher master (prosjektdata)...
===== Tue Jul 14 10:00:01 CEST 2026 =====
📬 Sjekker Gmail...
📋 Synket shopping_list.md → SHOPPINGLIST.md
⬆️  Pusher master (prosjektdata)...
To github.com:nasselang/sr500-restoration.git
   bd7db47..91021e1  master -> master
⬆️  Pusher main (SHOPPINGLIST.md)...
To github.com:nasselang/sr500-restoration.git
   fa161a4..12c6a06  main -> main
===== Ferdig Tue Jul 14 10:00:06 CEST 2026 =====

===== Sat Jul 18 10:00:01 CEST 2026 =====
📬 Sjekker Gmail...
📋 Synket shopping_list.md → SHOPPINGLIST.md
⬆️  Pusher master (prosjektdata)...
To github.com:nasselang/sr500-restoration.git
   91021e1..36c736f  master -> master
===== Ferdig Sat Jul 18 10:00:04 CEST 2026 =====

===== Sun Jul 19 10:00:01 CEST 2026 =====
📬 Sjekker Gmail...
📋 Synket shopping_list.md → SHOPPINGLIST.md
⬆️  Pusher master (prosjektdata)...
===== Tue Jul 21 10:00:01 CEST 2026 =====
📬 Sjekker Gmail...
📋 Synket shopping_list.md → SHOPPINGLIST.md
⬆️  Pusher master (prosjektdata)...
To github.com:nasselang/sr500-restoration.git
   36c736f..9428bbd  master -> master
⬆️  Pusher main (SHOPPINGLIST.md)...
To github.com:nasselang/sr500-restoration.git
   8fedc09..ac0b8e1  main -> main
===== Ferdig Tue Jul 21 10:00:12 CEST 2026 =====

===== Wed Jul 22 10:00:01 CEST 2026 =====
📬 Sjekker Gmail...
📋 Synket shopping_list.md → SHOPPINGLIST.md
⬆️  Pusher master (prosjektdata)...
===== Thu Jul 23 10:00:01 CEST 2026 =====
📬 Sjekker Gmail...
📋 Synket shopping_list.md → SHOPPINGLIST.md
⬆️  Pusher master (prosjektdata)...
